<?xml version="1.0" encoding="UTF-8"?>
<testsuite xmlns:xsi="http://www.w3.org/2001/XMLSchema-instance" xsi:noNamespaceSchemaLocation="https://maven.apache.org/surefire/maven-surefire-plugin/xsd/surefire-test-report.xsd" name="ru.practicum.shareit.booking.BookingControllerTest" time="3.174" tests="5" errors="0" skipped="0" failures="0">
  <properties>
[...]
</properties>
  <testcase name="create" classname="ru.practicum.shareit.booking.BookingControllerTest" time="3.036"/>
  <testcase name="findByBookingId" classname="ru.practicum.shareit.booking.BookingControllerTest" time="0"/>
  <testcase name="gelAllBookingsByOwnerId" classname="ru.practicum.shareit.booking.BookingControllerTest" time="0"/>
  <testcase name="gelAllBookingsByUserId" classname="ru.practicum.shareit.booking.BookingControllerTest" time="0.016"/>
  <testcase name="approveBooking" classname="ru.practicum.shareit.booking.BookingControllerTest" time="0"/>
</testsuite>